  main.cpp
C:\GitHub\NonEuclidean\NonEuclidean\main.cpp(141,127): warning C4244: 'argument': conversion from 'T' to 'T', possible loss of data
          with
          [
              T=int
          ]
          and
          [
              T=float
          ]
C:\GitHub\NonEuclidean\NonEuclidean\main.cpp(141,93): warning C4244: 'argument': conversion from 'T' to 'T', possible loss of data
          with
          [
              T=int
          ]
          and
          [
              T=float
          ]
C:\GitHub\NonEuclidean\NonEuclidean\main.cpp(144,129): warning C4244: 'argument': conversion from 'T' to 'T', possible loss of data
          with
          [
              T=int
          ]
          and
          [
              T=float
          ]
C:\GitHub\NonEuclidean\NonEuclidean\main.cpp(144,95): warning C4244: 'argument': conversion from 'T' to 'T', possible loss of data
          with
          [
              T=int
          ]
          and
          [
              T=float
          ]
  node.cpp
  player.cpp
  render.cpp
  texture.cpp
  Generating Code...
  NonEuclidean.vcxproj -> C:\GitHub\NonEuclidean\NonEuclidean\x64\Debug\NonEuclidean.exe
